2022-04-19 08:04:10 [INFO] Starting minecraft server version 0.2.8
2022-04-19 08:04:10 [INFO] Loading properties
2022-04-19 08:04:10 [WARNING] server.properties does not exist
2022-04-19 08:04:10 [INFO] Generating new properties file
2022-04-19 08:04:10 [INFO] Starting Minecraft server on *:25565
2022-04-19 08:04:10 [WARNING] Failed to load ban list: java.io.FileNotFoundException: banned-players.txt (Nie mo¿na odnaleŸæ okreœlonego pliku)
2022-04-19 08:04:10 [WARNING] Failed to load ip ban list: java.io.FileNotFoundException: banned-ips.txt (Nie mo¿na odnaleŸæ okreœlonego pliku)
2022-04-19 08:04:10 [WARNING] Failed to load ip ban list: java.io.FileNotFoundException: ops.txt (Nie mo¿na odnaleŸæ okreœlonego pliku)
2022-04-19 08:04:10 [INFO] Preparing level "world"
2022-04-19 08:04:10 [INFO] Preparing start region
2022-04-19 08:04:16 [INFO] Done! For help, type "help" or "?"
2022-04-19 08:04:23 [INFO] To run the server without a gui, start it like this:
2022-04-19 08:04:23 [INFO]    java -Xmx1024M -Xms1024M -jar minecraft_server.jar nogui
2022-04-19 08:04:23 [INFO] Console commands:
2022-04-19 08:04:23 [INFO]    help  or  ?               shows this message
2022-04-19 08:04:23 [INFO]    kick <player>             removes a player from the server
2022-04-19 08:04:23 [INFO]    ban <player>              bans a player from the server
2022-04-19 08:04:23 [INFO]    pardon <player>           pardons a banned player so that they can connect again
2022-04-19 08:04:23 [INFO]    ban-ip <ip>               bans an IP address from the server
2022-04-19 08:04:23 [INFO]    pardon-ip <ip>            pardons a banned IP address so that they can connect again
2022-04-19 08:04:23 [INFO]    op <player>               turns a player into an op
2022-04-19 08:04:23 [INFO]    deop <player>             removes op status from a player
2022-04-19 08:04:23 [INFO]    tp <player1> <player2>    moves one player to the same location as another player
2022-04-19 08:04:23 [INFO]    give <player> <id> [num]  gives a player a resource
2022-04-19 08:04:23 [INFO]    tell <player> <message>   sends a private message to a player
2022-04-19 08:04:23 [INFO]    stop                      gracefully stops the server
2022-04-19 08:04:23 [INFO]    save-all                  forces a server-wide level save
2022-04-19 08:04:23 [INFO]    save-off                  disables terrain saving (useful for backup scripts)
2022-04-19 08:04:23 [INFO]    save-on                   re-enables terrain saving
2022-04-19 08:04:23 [INFO]    list                      lists all currently connected players
2022-04-19 08:04:23 [INFO]    say <message>             broadcasts a message to all players
2022-04-19 08:04:29 [INFO] CONSOLE: Opping 9172unknownuser
2022-04-19 08:04:46 [INFO] Disconnecting 9172unknownuser [/127.0.0.1:56546]: Took too long to log in
2022-04-19 08:05:25 [INFO] Disconnecting 9172unknownuser [/127.0.0.1:56753]: Took too long to log in
2022-04-19 08:07:06 [INFO] Disconnecting 9172unknownuser [/127.0.0.1:58135]: Took too long to log in
2022-04-19 08:07:34 [INFO] 9172unknownuser [/127.0.0.1:58858] lost connection
2022-04-19 08:08:35 [INFO] 9172unknownuser [/127.0.0.1:59304] lost connection
